
> worknest-store@1.0.0 dev
> next dev

▲ Next.js 16.2.4 (Turbopack)
- Local:         http://localhost:3000
- Network:       http://169.254.53.4:3000
- Environments: .env
✓ Ready in 797ms
Creating turbopack project {
  dir: 'C:\\Users\\Oshah\\Desktop\\worknest-store-updated\\worknest-store\\worknest-store',
  testMode: true
}

 GET /account 307 in 3.4s (next.js: 637ms, application-code: 2.7s)
 GET /sign-in 200 in 2.7s (next.js: 2.6s, application-code: 129ms)
 GET / 200 in 2.5s (next.js: 133ms, application-code: 2.4s)
[browser] Clerk: Clerk has been loaded with development keys. Development instances have strict usage limits and should not be used when deploying your application to production. Learn more: https://clerk.com/docs/deployments/overview (https://direct-frog-58.clerk.accounts.dev/npm/@clerk/clerk-js@6/dist/clerk.browser.js:12:3217)
 GET /sign-in 200 in 81ms (next.js: 16ms, application-code: 65ms)
[browser] Detected `scroll-behavior: smooth` on the `<html>` element. To disable smooth scrolling during route transitions, add `data-scroll-behavior="smooth"` to your <html> element. Learn more: https://nextjs.org/docs/messages/missing-data-scroll-behavior
 GET /account 200 in 142ms (next.js: 10ms, application-code: 133ms)
 GET /sign-in/SignIn_clerk_catchall_check_1776502295173 200 in 275ms (next.js: 8ms, application-code: 267ms)
 GET /sign-in 200 in 226ms (next.js: 19ms, application-code: 206ms)
 GET /sign-in 200 in 102ms (next.js: 9ms, application-code: 93ms)
 GET /account 200 in 352ms (next.js: 18ms, application-code: 335ms)
 GET /sign-in/SignIn_clerk_catchall_check_1776502295881 200 in 183ms (next.js: 8ms, application-code: 176ms)
 GET /sign-in 200 in 250ms (next.js: 12ms, application-code: 238ms)
 GET /sign-in 200 in 126ms (next.js: 10ms, application-code: 116ms)
 GET /sign-in 200 in 294ms (next.js: 19ms, application-code: 276ms)
 GET /account 200 in 703ms (next.js: 10ms, application-code: 694ms)
 GET /sign-in/SignIn_clerk_catchall_check_1776502296641 200 in 525ms (next.js: 32ms, application-code: 494ms)
 GET /sign-in 200 in 304ms (next.js: 9ms, application-code: 295ms)
 GET /sign-in 200 in 229ms (next.js: 13ms, application-code: 217ms)
 GET /account 200 in 483ms (next.js: 34ms, application-code: 449ms)
 GET /sign-in/SignIn_clerk_catchall_check_1776502297986 200 in 211ms (next.js: 8ms, application-code: 203ms)
 GET /sign-in 200 in 297ms (next.js: 22ms, application-code: 275ms)
 GET /sign-in 200 in 113ms (next.js: 7ms, application-code: 106ms)
 GET /account 200 in 537ms (next.js: 122ms, application-code: 415ms)
 GET /sign-in/SignIn_clerk_catchall_check_1776502298962 200 in 538ms (next.js: 35ms, application-code: 504ms)
 GET /sign-in 200 in 205ms (next.js: 29ms, application-code: 175ms)
 GET /sign-in 200 in 97ms (next.js: 8ms, application-code: 89ms)
 GET /account 200 in 334ms (next.js: 18ms, application-code: 316ms)
 GET /sign-in/SignIn_clerk_catchall_check_1776502299874 200 in 181ms (next.js: 16ms, application-code: 165ms)
 GET /sign-in 200 in 218ms (next.js: 11ms, application-code: 207ms)
 GET /sign-in 200 in 90ms (next.js: 9ms, application-code: 81ms)
 GET /account 200 in 236ms (next.js: 75ms, application-code: 161ms)
 GET /sign-in/SignIn_clerk_catchall_check_1776502300564 200 in 242ms (next.js: 19ms, application-code: 223ms)
 GET /sign-in 200 in 180ms (next.js: 13ms, application-code: 167ms)
 GET /sign-in 200 in 78ms (next.js: 5ms, application-code: 73ms)
 GET /account 200 in 140ms (next.js: 12ms, application-code: 128ms)
 GET /sign-in/SignIn_clerk_catchall_check_1776502301114 200 in 265ms (next.js: 33ms, application-code: 232ms)
 GET /sign-in 200 in 169ms (next.js: 13ms, application-code: 155ms)
 GET /sign-in 200 in 73ms (next.js: 6ms, application-code: 67ms)
 GET /account 200 in 276ms (next.js: 10ms, application-code: 266ms)
 GET /sign-in/SignIn_clerk_catchall_check_1776502301669 200 in 161ms (next.js: 27ms, application-code: 134ms)
 GET /sign-in 200 in 141ms (next.js: 10ms, application-code: 131ms)
 GET /sign-in 200 in 79ms (next.js: 6ms, application-code: 73ms)
 GET /account 200 in 133ms (next.js: 5ms, application-code: 127ms)
 GET /sign-in/SignIn_clerk_catchall_check_1776502302198 200 in 269ms (next.js: 14ms, application-code: 255ms)
 GET /sign-in 200 in 233ms (next.js: 17ms, application-code: 215ms)
 GET /sign-in 200 in 114ms (next.js: 13ms, application-code: 102ms)
 GET /account 200 in 265ms (next.js: 28ms, application-code: 237ms)
 GET /sign-in/SignIn_clerk_catchall_check_1776502302801 200 in 131ms (next.js: 10ms, application-code: 121ms)
 GET /sign-in 200 in 157ms (next.js: 18ms, application-code: 140ms)
 GET /sign-in 200 in 66ms (next.js: 6ms, application-code: 60ms)
 GET /account 200 in 164ms (next.js: 13ms, application-code: 151ms)
 GET /sign-in/SignIn_clerk_catchall_check_1776502303321 200 in 290ms (next.js: 15ms, application-code: 275ms)
 GET /sign-in 200 in 136ms (next.js: 6ms, application-code: 130ms)
 GET /sign-in 200 in 67ms (next.js: 5ms, application-code: 62ms)
 GET /account 200 in 251ms (next.js: 9ms, application-code: 242ms)
 GET /sign-in/SignIn_clerk_catchall_check_1776502303847 200 in 131ms (next.js: 19ms, application-code: 112ms)
 GET /sign-in 200 in 150ms (next.js: 7ms, application-code: 143ms)
 GET /sign-in 200 in 72ms (next.js: 6ms, application-code: 66ms)
 GET /account 200 in 233ms (next.js: 13ms, application-code: 220ms)
 GET /sign-in/SignIn_clerk_catchall_check_1776502304341 200 in 117ms (next.js: 6ms, application-code: 111ms)
 GET /sign-in 200 in 144ms (next.js: 8ms, application-code: 137ms)
 GET /sign-in 200 in 84ms (next.js: 5ms, application-code: 79ms)
 GET /account 200 in 128ms (next.js: 9ms, application-code: 119ms)
 GET /sign-in/SignIn_clerk_catchall_check_1776502304816 200 in 266ms (next.js: 6ms, application-code: 260ms)
 GET /sign-in 200 in 155ms (next.js: 6ms, application-code: 149ms)
 GET /sign-in 200 in 83ms (next.js: 16ms, application-code: 66ms)
 GET /account 200 in 131ms (next.js: 11ms, application-code: 120ms)
 GET /sign-in/SignIn_clerk_catchall_check_1776502305328 200 in 252ms (next.js: 15ms, application-code: 237ms)
 GET /sign-in 200 in 131ms (next.js: 7ms, application-code: 125ms)
 GET /sign-in 200 in 66ms (next.js: 6ms, application-code: 60ms)
 GET /account 200 in 135ms (next.js: 30ms, application-code: 106ms)
 GET /sign-in/SignIn_clerk_catchall_check_1776502305809 200 in 252ms (next.js: 12ms, application-code: 240ms)
 GET /sign-in 200 in 135ms (next.js: 10ms, application-code: 125ms)
 GET /sign-in 200 in 58ms (next.js: 5ms, application-code: 53ms)
 GET /account 200 in 213ms (next.js: 12ms, application-code: 202ms)
 GET /sign-in/SignIn_clerk_catchall_check_1776502306291 200 in 111ms (next.js: 11ms, application-code: 100ms)
 GET /sign-in 200 in 133ms (next.js: 20ms, application-code: 113ms)
 GET /sign-in 200 in 58ms (next.js: 6ms, application-code: 52ms)
 GET /account 200 in 134ms (next.js: 6ms, application-code: 128ms)
 GET /sign-in/SignIn_clerk_catchall_check_1776502306738 200 in 266ms (next.js: 10ms, application-code: 256ms)
 GET /sign-in 200 in 136ms (next.js: 5ms, application-code: 132ms)
 GET /sign-in 200 in 67ms (next.js: 5ms, application-code: 62ms)
 GET /account 200 in 123ms (next.js: 6ms, application-code: 117ms)
 GET /sign-in/SignIn_clerk_catchall_check_1776502307391 200 in 253ms (next.js: 5ms, application-code: 248ms)
 GET /sign-in 200 in 149ms (next.js: 7ms, application-code: 142ms)
 GET /sign-in 200 in 85ms (next.js: 18ms, application-code: 67ms)
 GET /account 200 in 294ms (next.js: 146ms, application-code: 148ms)
 GET /sign-in/SignIn_clerk_catchall_check_1776502307887 200 in 298ms (next.js: 9ms, application-code: 289ms)
 GET /sign-in 200 in 139ms (next.js: 5ms, application-code: 133ms)
 GET /sign-in 200 in 68ms (next.js: 6ms, application-code: 62ms)
 GET /account 200 in 144ms (next.js: 11ms, application-code: 133ms)
 GET /sign-in/SignIn_clerk_catchall_check_1776502308434 200 in 273ms (next.js: 9ms, application-code: 264ms)
 GET /sign-in 200 in 131ms (next.js: 6ms, application-code: 125ms)
 GET /sign-in 200 in 67ms (next.js: 6ms, application-code: 61ms)
 GET /account 200 in 347ms (next.js: 10ms, application-code: 337ms)
 GET /sign-in/SignIn_clerk_catchall_check_1776502308947 200 in 183ms (next.js: 21ms, application-code: 162ms)
 GET /sign-in 200 in 143ms (next.js: 7ms, application-code: 136ms)
 GET /sign-in 200 in 64ms (next.js: 5ms, application-code: 58ms)
 GET /account 200 in 123ms (next.js: 11ms, application-code: 112ms)
 GET /sign-in/SignIn_clerk_catchall_check_1776502309547 200 in 236ms (next.js: 11ms, application-code: 225ms)
 GET /sign-in 200 in 152ms (next.js: 8ms, application-code: 144ms)
 GET /sign-in 200 in 69ms (next.js: 7ms, application-code: 62ms)
 GET /account 200 in 368ms (next.js: 13ms, application-code: 354ms)
 GET /sign-in/SignIn_clerk_catchall_check_1776502310027 200 in 166ms (next.js: 8ms, application-code: 158ms)
 GET /sign-in 200 in 157ms (next.js: 11ms, application-code: 146ms)
 GET /sign-in 200 in 90ms (next.js: 19ms, application-code: 70ms)
 GET /account 200 in 250ms (next.js: 8ms, application-code: 243ms)
 GET /sign-in/SignIn_clerk_catchall_check_1776502310680 200 in 131ms (next.js: 7ms, application-code: 124ms)
 GET /sign-in 200 in 142ms (next.js: 14ms, application-code: 127ms)
 GET /sign-in 200 in 67ms (next.js: 5ms, application-code: 62ms)
 GET /account 200 in 283ms (next.js: 10ms, application-code: 274ms)
 GET /sign-in/SignIn_clerk_catchall_check_1776502311166 200 in 164ms (next.js: 38ms, application-code: 126ms)
 GET /sign-in 200 in 139ms (next.js: 15ms, application-code: 124ms)
 GET /sign-in 200 in 66ms (next.js: 5ms, application-code: 60ms)
 GET /account 200 in 131ms (next.js: 15ms, application-code: 115ms)
 GET /sign-in/SignIn_clerk_catchall_check_1776502311709 200 in 249ms (next.js: 12ms, application-code: 237ms)
 GET /sign-in 200 in 143ms (next.js: 22ms, application-code: 121ms)
 GET /sign-in 200 in 57ms (next.js: 4ms, application-code: 53ms)
 GET /account 200 in 283ms (next.js: 80ms, application-code: 202ms)
 GET /sign-in/SignIn_clerk_catchall_check_1776502312178 200 in 289ms (next.js: 12ms, application-code: 278ms)
 GET /sign-in 200 in 166ms (next.js: 10ms, application-code: 156ms)
 GET /sign-in 200 in 76ms (next.js: 6ms, application-code: 71ms)
 GET /account 200 in 303ms (next.js: 7ms, application-code: 296ms)
 GET /sign-in/SignIn_clerk_catchall_check_1776502312769 200 in 157ms (next.js: 11ms, application-code: 147ms)
 GET /sign-in 200 in 149ms (next.js: 6ms, application-code: 143ms)
 GET /sign-in 200 in 76ms (next.js: 6ms, application-code: 70ms)
 GET /account 200 in 128ms (next.js: 6ms, application-code: 122ms)
 GET /sign-in/SignIn_clerk_catchall_check_1776502313329 200 in 262ms (next.js: 14ms, application-code: 248ms)
 GET /sign-in 200 in 296ms (next.js: 21ms, application-code: 275ms)
 GET /sign-in 200 in 216ms (next.js: 8ms, application-code: 207ms)
 GET /account 200 in 430ms (next.js: 13ms, application-code: 417ms)
 GET /sign-in/SignIn_clerk_catchall_check_1776502314007 200 in 163ms (next.js: 7ms, application-code: 156ms)
 GET /sign-in 200 in 208ms (next.js: 9ms, application-code: 199ms)
 GET /sign-in 200 in 102ms (next.js: 8ms, application-code: 94ms)
 GET /account 200 in 344ms (next.js: 19ms, application-code: 325ms)
 GET /sign-in/SignIn_clerk_catchall_check_1776502314852 200 in 172ms (next.js: 22ms, application-code: 150ms)
 GET /sign-in 200 in 194ms (next.js: 10ms, application-code: 184ms)
 GET /sign-in 200 in 99ms (next.js: 8ms, application-code: 91ms)
 GET /account 200 in 659ms (next.js: 11ms, application-code: 648ms)
 GET /sign-in/SignIn_clerk_catchall_check_1776502315518 200 in 533ms (next.js: 27ms, application-code: 506ms)
 GET /sign-in 200 in 220ms (next.js: 15ms, application-code: 206ms)
 GET /sign-in 200 in 95ms (next.js: 5ms, application-code: 90ms)
 GET /account 200 in 300ms (next.js: 96ms, application-code: 204ms)
 GET /sign-in/SignIn_clerk_catchall_check_1776502316543 200 in 307ms (next.js: 16ms, application-code: 291ms)
 GET /sign-in 200 in 229ms (next.js: 8ms, application-code: 221ms)
 GET /sign-in 200 in 106ms (next.js: 7ms, application-code: 99ms)
 GET /account 200 in 352ms (next.js: 17ms, application-code: 335ms)
 GET /sign-in/SignIn_clerk_catchall_check_1776502317208 200 in 175ms (next.js: 8ms, application-code: 167ms)
 GET /sign-in 200 in 204ms (next.js: 23ms, application-code: 181ms)
 GET /sign-in 200 in 103ms (next.js: 6ms, application-code: 97ms)
 GET /account 200 in 305ms (next.js: 152ms, application-code: 153ms)
 GET /sign-in/SignIn_clerk_catchall_check_1776502317895 200 in 314ms (next.js: 15ms, application-code: 299ms)
 GET /sign-in 200 in 170ms (next.js: 7ms, application-code: 163ms)
 GET /sign-in 200 in 75ms (next.js: 6ms, application-code: 68ms)
 GET /account 200 in 307ms (next.js: 8ms, application-code: 299ms)
 GET /sign-in/SignIn_clerk_catchall_check_1776502318487 200 in 181ms (next.js: 17ms, application-code: 164ms)
 GET /sign-in 200 in 196ms (next.js: 8ms, application-code: 189ms)
 GET /sign-in 200 in 111ms (next.js: 7ms, application-code: 105ms)
 GET /account 200 in 147ms (next.js: 8ms, application-code: 140ms)
 GET /sign-in/SignIn_clerk_catchall_check_1776502319106 200 in 302ms (next.js: 32ms, application-code: 271ms)
 GET /sign-in 200 in 178ms (next.js: 6ms, application-code: 171ms)
 GET /sign-in 200 in 81ms (next.js: 6ms, application-code: 75ms)
 GET /account 200 in 458ms (next.js: 16ms, application-code: 442ms)
 GET /sign-in/SignIn_clerk_catchall_check_1776502319725 200 in 255ms (next.js: 10ms, application-code: 245ms)
 GET /sign-in 200 in 191ms (next.js: 10ms, application-code: 181ms)
 GET /sign-in 200 in 83ms (next.js: 10ms, application-code: 73ms)
 GET /account 200 in 153ms (next.js: 34ms, application-code: 119ms)
 GET /sign-in/SignIn_clerk_catchall_check_1776502320465 200 in 322ms (next.js: 8ms, application-code: 314ms)
 GET /sign-in 200 in 205ms (next.js: 22ms, application-code: 183ms)
 GET /sign-in 200 in 103ms (next.js: 5ms, application-code: 98ms)
 GET /account 200 in 471ms (next.js: 11ms, application-code: 460ms)
 GET /sign-in/SignIn_clerk_catchall_check_1776502321108 200 in 230ms (next.js: 13ms, application-code: 217ms)
 GET /sign-in 200 in 191ms (next.js: 11ms, application-code: 180ms)
 GET /sign-in 200 in 78ms (next.js: 5ms, application-code: 73ms)
 GET /account 200 in 315ms (next.js: 16ms, application-code: 298ms)
 GET /sign-in/SignIn_clerk_catchall_check_1776502321921 200 in 154ms (next.js: 6ms, application-code: 149ms)
 GET /sign-in 200 in 131ms (next.js: 5ms, application-code: 126ms)
 GET /sign-in 200 in 67ms (next.js: 5ms, application-code: 62ms)
 GET /account 200 in 329ms (next.js: 15ms, application-code: 314ms)
 GET /sign-in/SignIn_clerk_catchall_check_1776502322462 200 in 192ms (next.js: 19ms, application-code: 173ms)
 GET /sign-in 200 in 156ms (next.js: 9ms, application-code: 147ms)
 GET /sign-in 200 in 76ms (next.js: 5ms, application-code: 71ms)
 GET /account 200 in 295ms (next.js: 17ms, application-code: 278ms)
 GET /sign-in/SignIn_clerk_catchall_check_1776502323049 200 in 151ms (next.js: 12ms, application-code: 139ms)
 GET /sign-in 200 in 164ms (next.js: 7ms, application-code: 158ms)
 GET /sign-in 200 in 87ms (next.js: 4ms, application-code: 83ms)
 GET /account 200 in 344ms (next.js: 22ms, application-code: 322ms)
 GET /sign-in/SignIn_clerk_catchall_check_1776502323632 200 in 182ms (next.js: 8ms, application-code: 174ms)
 GET /sign-in 200 in 182ms (next.js: 27ms, application-code: 155ms)
 GET /sign-in 200 in 78ms (next.js: 6ms, application-code: 72ms)
 GET /account 200 in 319ms (next.js: 8ms, application-code: 311ms)
 GET /sign-in/SignIn_clerk_catchall_check_1776502324234 200 in 165ms (next.js: 5ms, application-code: 160ms)
 GET /sign-in 200 in 145ms (next.js: 9ms, application-code: 136ms)
 GET /sign-in 200 in 64ms (next.js: 6ms, application-code: 58ms)
 GET /account 200 in 373ms (next.js: 6ms, application-code: 367ms)
 GET /sign-in/SignIn_clerk_catchall_check_1776502324805 200 in 209ms (next.js: 13ms, application-code: 196ms)
 GET /sign-in 200 in 151ms (next.js: 11ms, application-code: 141ms)
 GET /sign-in 200 in 61ms (next.js: 4ms, application-code: 56ms)
 GET /account 200 in 305ms (next.js: 8ms, application-code: 298ms)
 GET /sign-in/SignIn_clerk_catchall_check_1776502325414 200 in 172ms (next.js: 19ms, application-code: 153ms)
 GET /sign-in 200 in 131ms (next.js: 5ms, application-code: 126ms)
 GET /sign-in 200 in 64ms (next.js: 5ms, application-code: 59ms)
 GET /account 200 in 359ms (next.js: 8ms, application-code: 351ms)
 GET /sign-in/SignIn_clerk_catchall_check_1776502326007 200 in 218ms (next.js: 11ms, application-code: 207ms)
 GET /sign-in 200 in 493ms (next.js: 7ms, application-code: 487ms)
 GET /sign-in 200 in 71ms (next.js: 5ms, application-code: 66ms)
 GET /account 200 in 291ms (next.js: 13ms, application-code: 278ms)
 GET /sign-in/SignIn_clerk_catchall_check_1776502326980 200 in 163ms (next.js: 20ms, application-code: 143ms)
 GET /sign-in 200 in 134ms (next.js: 6ms, application-code: 127ms)
 GET /sign-in 200 in 66ms (next.js: 5ms, application-code: 60ms)
 GET /account 200 in 340ms (next.js: 12ms, application-code: 329ms)
 GET /sign-in/SignIn_clerk_catchall_check_1776502327522 200 in 175ms (next.js: 10ms, application-code: 165ms)
 GET /sign-in 200 in 140ms (next.js: 7ms, application-code: 133ms)
 GET /sign-in 200 in 62ms (next.js: 4ms, application-code: 58ms)
 GET /account 200 in 351ms (next.js: 9ms, application-code: 342ms)
 GET /sign-in/SignIn_clerk_catchall_check_1776502328112 200 in 178ms (next.js: 6ms, application-code: 172ms)
 GET /sign-in 200 in 161ms (next.js: 22ms, application-code: 138ms)
 GET /sign-in 200 in 74ms (next.js: 5ms, application-code: 69ms)
 GET /account 200 in 238ms (next.js: 8ms, application-code: 229ms)
 GET /sign-in/SignIn_clerk_catchall_check_1776502328750 200 in 130ms (next.js: 10ms, application-code: 120ms)
 GET /sign-in 200 in 180ms (next.js: 13ms, application-code: 168ms)
 GET /sign-in 200 in 85ms (next.js: 6ms, application-code: 78ms)
 GET /account 200 in 128ms (next.js: 6ms, application-code: 122ms)
 GET /sign-in/SignIn_clerk_catchall_check_1776502329264 200 in 266ms (next.js: 10ms, application-code: 256ms)
 GET /sign-in 200 in 183ms (next.js: 8ms, application-code: 175ms)
 GET /sign-in 200 in 67ms (next.js: 8ms, application-code: 59ms)
 GET /account 200 in 319ms (next.js: 7ms, application-code: 312ms)
 GET /sign-in/SignIn_clerk_catchall_check_1776502329837 200 in 190ms (next.js: 27ms, application-code: 163ms)
 GET /sign-in 200 in 175ms (next.js: 8ms, application-code: 168ms)
 GET /sign-in 200 in 75ms (next.js: 6ms, application-code: 68ms)
 GET /account 200 in 339ms (next.js: 9ms, application-code: 331ms)
 GET /sign-in/SignIn_clerk_catchall_check_1776502330426 200 in 187ms (next.js: 15ms, application-code: 171ms)
 GET /sign-in 200 in 148ms (next.js: 6ms, application-code: 142ms)
 GET /sign-in 200 in 68ms (next.js: 5ms, application-code: 62ms)
 GET /account 200 in 182ms (next.js: 9ms, application-code: 173ms)
 GET /sign-in/SignIn_clerk_catchall_check_1776502331048 200 in 371ms (next.js: 10ms, application-code: 361ms)
 GET /sign-in 200 in 204ms (next.js: 19ms, application-code: 185ms)
 GET /sign-in 200 in 99ms (next.js: 5ms, application-code: 94ms)
 GET /account 200 in 376ms (next.js: 32ms, application-code: 343ms)
 GET /sign-in/SignIn_clerk_catchall_check_1776502331743 200 in 226ms (next.js: 5ms, application-code: 221ms)
 GET /sign-in 200 in 153ms (next.js: 8ms, application-code: 145ms)
 GET /sign-in 200 in 70ms (next.js: 7ms, application-code: 63ms)
 GET /account 200 in 309ms (next.js: 7ms, application-code: 302ms)
 GET /sign-in/SignIn_clerk_catchall_check_1776502332365 200 in 166ms (next.js: 5ms, application-code: 162ms)
 GET /sign-in 200 in 135ms (next.js: 8ms, application-code: 127ms)
 GET /sign-in 200 in 62ms (next.js: 4ms, application-code: 58ms)
 GET /account 200 in 385ms (next.js: 17ms, application-code: 368ms)
 GET /sign-in/SignIn_clerk_catchall_check_1776502332920 200 in 218ms (next.js: 25ms, application-code: 193ms)
 GET /sign-in 200 in 187ms (next.js: 13ms, application-code: 175ms)
 GET /sign-in 200 in 80ms (next.js: 6ms, application-code: 74ms)
 GET /account 200 in 149ms (next.js: 13ms, application-code: 136ms)
 GET /sign-in/SignIn_clerk_catchall_check_1776502333606 200 in 294ms (next.js: 9ms, application-code: 285ms)
 GET /sign-in 200 in 159ms (next.js: 10ms, application-code: 149ms)
 GET /sign-in 200 in 85ms (next.js: 4ms, application-code: 81ms)
 GET /account 200 in 337ms (next.js: 7ms, application-code: 331ms)
 GET /sign-in/SignIn_clerk_catchall_check_1776502334163 200 in 166ms (next.js: 6ms, application-code: 160ms)
 GET /sign-in 200 in 167ms (next.js: 23ms, application-code: 144ms)
 GET /sign-in 200 in 68ms (next.js: 4ms, application-code: 64ms)
 GET /account 200 in 353ms (next.js: 7ms, application-code: 346ms)
 GET /sign-in/SignIn_clerk_catchall_check_1776502334805 200 in 179ms (next.js: 10ms, application-code: 168ms)
 GET /sign-in 200 in 171ms (next.js: 5ms, application-code: 166ms)
 GET /sign-in 200 in 73ms (next.js: 4ms, application-code: 69ms)
 GET /account 200 in 355ms (next.js: 7ms, application-code: 349ms)
 GET /sign-in/SignIn_clerk_catchall_check_1776502335416 200 in 168ms (next.js: 8ms, application-code: 161ms)
 GET /sign-in 200 in 143ms (next.js: 6ms, application-code: 138ms)
 GET /sign-in 200 in 71ms (next.js: 9ms, application-code: 62ms)
 GET /account 200 in 372ms (next.js: 14ms, application-code: 359ms)
 GET /sign-in/SignIn_clerk_catchall_check_1776502336035 200 in 240ms (next.js: 28ms, application-code: 213ms)
 GET /sign-in 200 in 166ms (next.js: 8ms, application-code: 158ms)
 GET /sign-in 200 in 73ms (next.js: 6ms, application-code: 67ms)
 GET /account 200 in 298ms (next.js: 9ms, application-code: 288ms)
 GET /sign-in/SignIn_clerk_catchall_check_1776502336708 200 in 299ms (next.js: 147ms, application-code: 151ms)
 GET /sign-in 200 in 154ms (next.js: 7ms, application-code: 147ms)
 GET /sign-in 200 in 63ms (next.js: 8ms, application-code: 55ms)
 GET /account 200 in 430ms (next.js: 11ms, application-code: 420ms)
 GET /sign-in/SignIn_clerk_catchall_check_1776502337273 200 in 187ms (next.js: 9ms, application-code: 178ms)
 GET /sign-in 200 in 180ms (next.js: 20ms, application-code: 160ms)
 GET /sign-in 200 in 77ms (next.js: 8ms, application-code: 70ms)
 GET /account 200 in 477ms (next.js: 9ms, application-code: 468ms)
 GET /sign-in/SignIn_clerk_catchall_check_1776502338013 200 in 242ms (next.js: 10ms, application-code: 232ms)
 GET /sign-in 200 in 167ms (next.js: 8ms, application-code: 159ms)
 GET /sign-in 200 in 89ms (next.js: 5ms, application-code: 84ms)
 GET /account 200 in 157ms (next.js: 10ms, application-code: 147ms)
 GET /sign-in/SignIn_clerk_catchall_check_1776502338819 200 in 310ms (next.js: 13ms, application-code: 296ms)
 GET /sign-in 200 in 136ms (next.js: 8ms, application-code: 128ms)
 GET /sign-in 200 in 61ms (next.js: 4ms, application-code: 56ms)
 GET /account 200 in 199ms (next.js: 7ms, application-code: 192ms)
 GET /sign-in/SignIn_clerk_catchall_check_1776502339343 200 in 117ms (next.js: 13ms, application-code: 104ms)
 GET /sign-in 200 in 111ms (next.js: 5ms, application-code: 106ms)
 GET /sign-in 200 in 54ms (next.js: 4ms, application-code: 50ms)
 GET /account 200 in 227ms (next.js: 8ms, application-code: 219ms)
 GET /sign-in/SignIn_clerk_catchall_check_1776502339766 200 in 106ms (next.js: 5ms, application-code: 102ms)
 GET /sign-in 200 in 122ms (next.js: 4ms, application-code: 117ms)
 GET /sign-in 200 in 66ms (next.js: 5ms, application-code: 61ms)
 GET /account 200 in 202ms (next.js: 6ms, application-code: 195ms)
 GET /sign-in/SignIn_clerk_catchall_check_1776502340176 200 in 101ms (next.js: 6ms, application-code: 95ms)
 GET /sign-in 200 in 146ms (next.js: 6ms, application-code: 140ms)
 GET /sign-in 200 in 81ms (next.js: 16ms, application-code: 65ms)
 GET /account 200 in 224ms (next.js: 6ms, application-code: 217ms)
 GET /sign-in/SignIn_clerk_catchall_check_1776502340633 200 in 126ms (next.js: 5ms, application-code: 121ms)
 GET /sign-in 200 in 133ms (next.js: 6ms, application-code: 127ms)
 GET /sign-in 200 in 63ms (next.js: 6ms, application-code: 58ms)
 GET /account 200 in 182ms (next.js: 81ms, application-code: 101ms)
 GET /sign-in/SignIn_clerk_catchall_check_1776502341080 200 in 186ms (next.js: 5ms, application-code: 181ms)
 GET /sign-in 200 in 112ms (next.js: 5ms, application-code: 107ms)
 GET /sign-in 200 in 54ms (next.js: 5ms, application-code: 49ms)
 GET /account 200 in 225ms (next.js: 5ms, application-code: 219ms)
 GET /sign-in/SignIn_clerk_catchall_check_1776502341469 200 in 126ms (next.js: 16ms, application-code: 110ms)
 GET /sign-in 200 in 128ms (next.js: 4ms, application-code: 124ms)
 GET /sign-in 200 in 75ms (next.js: 5ms, application-code: 70ms)
 GET /account 200 in 204ms (next.js: 4ms, application-code: 199ms)
 GET /sign-in/SignIn_clerk_catchall_check_1776502341944 200 in 115ms (next.js: 9ms, application-code: 107ms)
 GET /sign-in 200 in 117ms (next.js: 5ms, application-code: 111ms)
 GET /sign-in 200 in 56ms (next.js: 5ms, application-code: 51ms)
 GET /account 200 in 185ms (next.js: 5ms, application-code: 179ms)
 GET /sign-in/SignIn_clerk_catchall_check_1776502342345 200 in 101ms (next.js: 8ms, application-code: 93ms)
 GET /sign-in 200 in 150ms (next.js: 14ms, application-code: 136ms)
 GET /sign-in 200 in 77ms (next.js: 5ms, application-code: 72ms)
 GET /account 200 in 143ms (next.js: 13ms, application-code: 130ms)
 GET /sign-in/SignIn_clerk_catchall_check_1776502342798 200 in 239ms (next.js: 7ms, application-code: 231ms)
 GET /sign-in 200 in 154ms (next.js: 6ms, application-code: 148ms)
 GET /sign-in 200 in 75ms (next.js: 6ms, application-code: 69ms)
 GET /account 200 in 259ms (next.js: 113ms, application-code: 147ms)
 GET /sign-in/SignIn_clerk_catchall_check_1776502343290 200 in 265ms (next.js: 7ms, application-code: 258ms)
 GET /sign-in 200 in 137ms (next.js: 6ms, application-code: 131ms)
 GET /sign-in 200 in 66ms (next.js: 6ms, application-code: 60ms)
 GET /account 200 in 222ms (next.js: 111ms, application-code: 111ms)
 GET /sign-in/SignIn_clerk_catchall_check_1776502343821 200 in 226ms (next.js: 16ms, application-code: 210ms)
 GET /sign-in 200 in 133ms (next.js: 5ms, application-code: 127ms)
 GET /sign-in 200 in 60ms (next.js: 4ms, application-code: 55ms)
 GET /account 200 in 194ms (next.js: 6ms, application-code: 188ms)
 GET /sign-in/SignIn_clerk_catchall_check_1776502344286 200 in 96ms (next.js: 4ms, application-code: 92ms)
 GET /sign-in 200 in 104ms (next.js: 5ms, application-code: 100ms)
 GET /sign-in 200 in 50ms (next.js: 4ms, application-code: 46ms)
 GET /account 200 in 193ms (next.js: 4ms, application-code: 188ms)
 GET /sign-in/SignIn_clerk_catchall_check_1776502344685 200 in 120ms (next.js: 8ms, application-code: 112ms)
 GET /sign-in 200 in 132ms (next.js: 15ms, application-code: 117ms)
 GET /sign-in 200 in 59ms (next.js: 4ms, application-code: 55ms)
 GET /account 200 in 232ms (next.js: 6ms, application-code: 226ms)
 GET /sign-in/SignIn_clerk_catchall_check_1776502345100 200 in 234ms (next.js: 97ms, application-code: 137ms)
 GET /sign-in 200 in 123ms (next.js: 5ms, application-code: 118ms)
 GET /sign-in 200 in 58ms (next.js: 5ms, application-code: 54ms)
 GET /account 200 in 197ms (next.js: 6ms, application-code: 190ms)
 GET /sign-in/SignIn_clerk_catchall_check_1776502345543 200 in 198ms (next.js: 96ms, application-code: 102ms)
 GET /sign-in 200 in 111ms (next.js: 5ms, application-code: 106ms)
 GET /sign-in 200 in 57ms (next.js: 5ms, application-code: 52ms)
 GET /account 200 in 94ms (next.js: 6ms, application-code: 88ms)
 GET /sign-in/SignIn_clerk_catchall_check_1776502345968 200 in 504ms (next.js: 9ms, application-code: 495ms)
 GET /sign-in 200 in 142ms (next.js: 14ms, application-code: 129ms)
 GET /sign-in 200 in 65ms (next.js: 5ms, application-code: 61ms)
 GET /account 200 in 188ms (next.js: 6ms, application-code: 182ms)
 GET /sign-in/SignIn_clerk_catchall_check_1776502346774 200 in 98ms (next.js: 4ms, application-code: 94ms)
 GET /sign-in 200 in 110ms (next.js: 5ms, application-code: 105ms)
 GET /sign-in 200 in 53ms (next.js: 6ms, application-code: 48ms)
 GET /account 200 in 188ms (next.js: 5ms, application-code: 183ms)
 GET /sign-in/SignIn_clerk_catchall_check_1776502347155 200 in 103ms (next.js: 5ms, application-code: 99ms)
 GET /sign-in 200 in 113ms (next.js: 5ms, application-code: 108ms)
 GET /sign-in 200 in 56ms (next.js: 5ms, application-code: 51ms)
 GET /account 200 in 191ms (next.js: 5ms, application-code: 186ms)
 GET /sign-in/SignIn_clerk_catchall_check_1776502347538 200 in 111ms (next.js: 18ms, application-code: 93ms)
 GET /sign-in 200 in 122ms (next.js: 5ms, application-code: 117ms)
 GET /sign-in 200 in 63ms (next.js: 4ms, application-code: 59ms)
 GET /account 200 in 107ms (next.js: 6ms, application-code: 101ms)
 GET /sign-in/SignIn_clerk_catchall_check_1776502347970 200 in 209ms (next.js: 5ms, application-code: 204ms)
 GET /sign-in 200 in 110ms (next.js: 6ms, application-code: 104ms)
 GET /sign-in 200 in 50ms (next.js: 4ms, application-code: 46ms)
 GET /account 200 in 241ms (next.js: 6ms, application-code: 235ms)
 GET /sign-in/SignIn_clerk_catchall_check_1776502348364 200 in 108ms (next.js: 4ms, application-code: 104ms)
 GET /sign-in 200 in 129ms (next.js: 14ms, application-code: 115ms)
 GET /sign-in 200 in 63ms (next.js: 4ms, application-code: 59ms)
 GET /account 200 in 211ms (next.js: 81ms, application-code: 130ms)
 GET /sign-in/SignIn_clerk_catchall_check_1776502348838 200 in 215ms (next.js: 6ms, application-code: 210ms)
 GET /sign-in 200 in 117ms (next.js: 5ms, application-code: 112ms)
 GET /sign-in 200 in 60ms (next.js: 4ms, application-code: 55ms)
 GET /account 200 in 207ms (next.js: 94ms, application-code: 113ms)
 GET /sign-in/SignIn_clerk_catchall_check_1776502349241 200 in 230ms (next.js: 5ms, application-code: 225ms)
 GET /sign-in 200 in 126ms (next.js: 5ms, application-code: 120ms)
 GET /sign-in 200 in 58ms (next.js: 4ms, application-code: 54ms)
 GET /account 200 in 216ms (next.js: 7ms, application-code: 209ms)
 GET /sign-in/SignIn_clerk_catchall_check_1776502349698 200 in 135ms (next.js: 16ms, application-code: 120ms)
 GET /sign-in 200 in 141ms (next.js: 5ms, application-code: 136ms)
 GET /sign-in 200 in 75ms (next.js: 6ms, application-code: 69ms)
 GET /account 200 in 122ms (next.js: 7ms, application-code: 115ms)
 GET /sign-in/SignIn_clerk_catchall_check_1776502350205 200 in 281ms (next.js: 7ms, application-code: 274ms)
 GET /sign-in 200 in 128ms (next.js: 6ms, application-code: 122ms)
 GET /sign-in 200 in 71ms (next.js: 4ms, application-code: 67ms)
 GET /account 200 in 188ms (next.js: 7ms, application-code: 181ms)
 GET /sign-in/SignIn_clerk_catchall_check_1776502350779 200 in 103ms (next.js: 5ms, application-code: 98ms)
 GET /sign-in 200 in 139ms (next.js: 13ms, application-code: 126ms)
 GET /sign-in 200 in 67ms (next.js: 5ms, application-code: 62ms)
 GET /account 200 in 297ms (next.js: 6ms, application-code: 290ms)
 GET /sign-in/SignIn_clerk_catchall_check_1776502351181 200 in 157ms (next.js: 6ms, application-code: 151ms)
 GET /sign-in 200 in 126ms (next.js: 5ms, application-code: 121ms)
 GET /sign-in 200 in 67ms (next.js: 4ms, application-code: 63ms)
 GET /account 200 in 226ms (next.js: 93ms, application-code: 133ms)
 GET /sign-in/SignIn_clerk_catchall_check_1776502351746 200 in 226ms (next.js: 5ms, application-code: 221ms)
 GET /sign-in 200 in 104ms (next.js: 4ms, application-code: 100ms)
 GET /sign-in 200 in 53ms (next.js: 4ms, application-code: 50ms)
 GET /account 200 in 111ms (next.js: 10ms, application-code: 100ms)
 GET /sign-in/SignIn_clerk_catchall_check_1776502352180 200 in 210ms (next.js: 13ms, application-code: 196ms)
 GET /sign-in 200 in 127ms (next.js: 4ms, application-code: 123ms)
 GET /sign-in 200 in 73ms (next.js: 5ms, application-code: 69ms)
 GET /account 200 in 218ms (next.js: 106ms, application-code: 112ms)
 GET /sign-in/SignIn_clerk_catchall_check_1776502352687 200 in 224ms (next.js: 9ms, application-code: 216ms)
 GET /sign-in 200 in 143ms (next.js: 8ms, application-code: 134ms)
 GET /sign-in 200 in 59ms (next.js: 6ms, application-code: 53ms)
 GET /account 200 in 247ms (next.js: 7ms, application-code: 240ms)
 GET /sign-in/SignIn_clerk_catchall_check_1776502353156 200 in 147ms (next.js: 18ms, application-code: 129ms)
  Reload env: .env
✓ Compiled in 2.2s
 GET /sign-in 200 in 3.3s (next.js: 2.3s, application-code: 1007ms)
 GET /sign-in 200 in 3.1s (next.js: 2.2s, application-code: 903ms)
 GET /sign-in 200 in 624ms (next.js: 151ms, application-code: 473ms)
 GET /sign-in 200 in 834ms (next.js: 276ms, application-code: 557ms)
 GET /sign-in 200 in 608ms (next.js: 8ms, application-code: 601ms)
 GET /sign-in 200 in 609ms (next.js: 73ms, application-code: 535ms)
 GET /sign-in 200 in 520ms (next.js: 11ms, application-code: 509ms)
 GET /sign-in 200 in 398ms (next.js: 11ms, application-code: 387ms)
 GET /sign-in 200 in 285ms (next.js: 38ms, application-code: 247ms)
 GET /sign-in 200 in 151ms (next.js: 12ms, application-code: 139ms)
